<?xml version="1.0" encoding="UTF-8"?>
<!-- Generated by org.testng.reporters.JUnitReportReporter -->
<testsuite hostname="Software-Development-Engineer-In-Test" failures="0" tests="1" name="mytest.AmazonBasics" time="5.935" errors="0" timestamp="2022-11-08T11:10:50 EAT" skipped="0">
  <testcase classname="mytest.AmazonBasics" name="VerifyTitle" time="5.935"/>
  <system-out/>
</testsuite> <!-- mytest.AmazonBasics -->
