<?xml version="1.0" encoding="UTF-8"?>
<!-- Generated by org.testng.reporters.JUnitReportReporter -->
<testsuite hostname="Software-Development-Engineer-In-Test" failures="0" tests="1" name="mytest.Amazon2" time="41.359" errors="0" timestamp="2022-11-08T11:07:43 EAT" skipped="0">
  <testcase classname="mytest.Amazon2" name="VerifyTitle" time="41.359"/>
  <system-out/>
</testsuite> <!-- mytest.Amazon2 -->
