<?xml version="1.0" encoding="UTF-8"?>
<!-- Generated by org.testng.reporters.JUnitReportReporter -->
<testsuite hostname="Software-Development-Engineer-In-Test" failures="0" tests="1" name="mytest.Amazon" time="155.556" errors="0" timestamp="2022-11-09T09:25:24 EAT" skipped="0">
  <testcase classname="mytest.Amazon" name="AmazonBasicsProducts" time="155.556"/>
  <system-out/>
</testsuite> <!-- mytest.Amazon -->
